[GIN-debug] [WARNING] Running in "debug" mode. Switch to "release" mode in production.
 - using env:	export GIN_MODE=release
 - using code:	gin.SetMode(gin.ReleaseMode)

[GIN-debug] GET    /css/*filepath            --> github.com/gin-gonic/gin.(*RouterGroup).createStaticHandler.func1 (1 handlers)
[GIN-debug] HEAD   /css/*filepath            --> github.com/gin-gonic/gin.(*RouterGroup).createStaticHandler.func1 (1 handlers)
[GIN-debug] Loaded HTML Templates (4): 
	- footer.html
	- header.html
	- index.html
	- 

[GIN-debug] GET    /api/songs-api            --> main.main.func1 (5 handlers)
[GIN-debug] POST   /api/songs-api            --> main.main.func2 (5 handlers)
[GIN-debug] GET    /view/songs               --> go-gin-http/controller.SongController.ShowAll-fm (3 handlers)
[GIN-debug] [WARNING] You trusted all proxies, this is NOT safe. We recommend you to set a value.
Please check https://pkg.go.dev/github.com/gin-gonic/gin#readme-don-t-trust-all-proxies for details.
[GIN-debug] Listening and serving HTTP on :8080
::1, [24 May 23 23:28 IST], POST, /api/videos-api, 404, 167ns
::1, [24 May 23 23:28 IST], POST, /api/songs-api, 200, 2.787333ms
::1, [24 May 23 23:29 IST], GET, /api/songs-api, 200, 345.459µs
::1, [24 May 23 23:29 IST], POST, /api/songs-api, 200, 4.299875ms
::1, [24 May 23 23:29 IST], POST, /api/songs-api, 200, 580.583µs
::1, [24 May 23 23:29 IST], GET, /api/songs-api, 200, 514.375µs
